\BOOKMARK [1][-]{section.1}{An\340lisi del problema}{}% 1
\BOOKMARK [2][-]{subsection.1.1}{Identificaci\363}{section.1}% 2
\BOOKMARK [3][-]{subsubsection.1.1.1}{Definici\363 formal de soluci\363}{subsection.1.1}% 3
\BOOKMARK [3][-]{subsubsection.1.1.2}{Justificaci\363 de la complexitat del problema}{subsection.1.1}% 4
\BOOKMARK [3][-]{subsubsection.1.1.3}{Identificaci\363 de les fonts del coneixement}{subsection.1.1}% 5
\BOOKMARK [2][-]{subsection.1.2}{Conceptualitzaci\363}{section.1}% 6
\BOOKMARK [3][-]{subsubsection.1.2.1}{Coneixement est\340tic: La ontologia}{subsection.1.2}% 7
\BOOKMARK [3][-]{subsubsection.1.2.2}{Proc\351s de resoluci\363: Divisi\363 en subproblemes}{subsection.1.2}% 8
\BOOKMARK [2][-]{subsection.1.3}{Formalitzaci\363}{section.1}% 9
\BOOKMARK [3][-]{subsubsection.1.3.1}{Informaci\363 de l'usuari: Classificaci\363}{subsection.1.3}% 10
\BOOKMARK [3][-]{subsubsection.1.3.2}{Informaci\363 de l'usuari: Prefer\350ncies}{subsection.1.3}% 11
\BOOKMARK [3][-]{subsubsection.1.3.3}{Determinar el model de ciutat}{subsection.1.3}% 12
\BOOKMARK [3][-]{subsubsection.1.3.4}{Montar el viatge}{subsection.1.3}% 13
\BOOKMARK [3][-]{subsubsection.1.3.5}{Identificaci\363 dels models de problema}{subsection.1.3}% 14
\BOOKMARK [2][-]{subsection.1.4}{Implementaci\363}{section.1}% 15
\BOOKMARK [3][-]{subsubsection.1.4.1}{Implementaci\363 en CLIPS}{subsection.1.4}% 16
\BOOKMARK [3][-]{subsubsection.1.4.2}{Implementaci\363 de l'ontologia}{subsection.1.4}% 17
\BOOKMARK [1][-]{section.2}{Documentaci\363 de l'ontologia}{}% 18
\BOOKMARK [2][-]{subsection.2.1}{Informaci\363 general}{section.2}% 19
\BOOKMARK [2][-]{subsection.2.2}{Soluci\363}{section.2}% 20
\BOOKMARK [2][-]{subsection.2.3}{Representaci\363 de l'ontologia}{section.2}% 21
\BOOKMARK [1][-]{section.3}{Jocs de proves}{}% 22
\BOOKMARK [2][-]{subsection.3.1}{Un viatge rom\340ntic de parella}{section.3}% 23
\BOOKMARK [2][-]{subsection.3.2}{Un viatge de fi de curs}{section.3}% 24
\BOOKMARK [2][-]{subsection.3.3}{Un viatge de ric}{section.3}% 25
\BOOKMARK [2][-]{subsection.3.4}{Viatge per l'imserso}{section.3}% 26
\BOOKMARK [2][-]{subsection.3.5}{Viatge per una fam\355lia amb fills}{section.3}% 27
\BOOKMARK [2][-]{subsection.3.6}{Viatge per una colla castellera}{section.3}% 28
