\BOOKMARK [1][-]{section.1}{Model del domini}{}% 1
\BOOKMARK [2][-]{subsection.1.1}{Variables}{section.1}% 2
\BOOKMARK [2][-]{subsection.1.2}{Predicats}{section.1}% 3
\BOOKMARK [2][-]{subsection.1.3}{Operadors}{section.1}% 4
\BOOKMARK [1][-]{section.2}{Model dels problemes a resoldre}{}% 5
\BOOKMARK [2][-]{subsection.2.1}{Objectes}{section.2}% 6
\BOOKMARK [2][-]{subsection.2.2}{Estat inicial}{section.2}% 7
\BOOKMARK [2][-]{subsection.2.3}{Estat final}{section.2}% 8
\BOOKMARK [2][-]{subsection.2.4}{Generador d'inst\340ncies}{section.2}% 9
\BOOKMARK [1][-]{section.3}{Descripci\363 de la metodologia de treball}{}% 10
\BOOKMARK [1][-]{section.4}{Jocs de prova}{}% 11
\BOOKMARK [2][-]{subsection.4.1}{B\340sic}{section.4}% 12
\BOOKMARK [2][-]{subsection.4.2}{Extensi\363 1}{section.4}% 13
\BOOKMARK [2][-]{subsection.4.3}{Extensi\363 2}{section.4}% 14
\BOOKMARK [2][-]{subsection.4.4}{Extensi\363 3}{section.4}% 15
\BOOKMARK [2][-]{subsection.4.5}{Extensi\363 4}{section.4}% 16
\BOOKMARK [1][-]{section.5}{Experiment extra}{}% 17
\BOOKMARK [2][-]{subsection.5.1}{Plantejament i hip\362tesi}{section.5}% 18
\BOOKMARK [2][-]{subsection.5.2}{Condicions de l'experiment}{section.5}% 19
\BOOKMARK [2][-]{subsection.5.3}{Resultats de l'experiment}{section.5}% 20
\BOOKMARK [2][-]{subsection.5.4}{Conclusions}{section.5}% 21
