
ff: parsing domain file
domain 'VIATGE' defined
 ... done.
ff: parsing problem file
problem 'INSTANCIA5' defined
 ... done.


metric established (normalized to minimize): ((1.00*[RF5](PRECIO-TOTAL)) - () + 0.00)

checking for cyclic := effects --- OK.

ff: search configuration is  best-first on 1*g(s) + 5*h(s) where
    metric is ((1.00*[RF5](PRECIO-TOTAL)) - () + 0.00)

advancing to distance:    2
                          1
                          0

ff: found legal plan as follows

step    0: CIUDAD-INICIO CIUTAT-1 HOTEL-1
        1: RESERVAR-VOL-HOTEL VOL-1 CIUTAT-1 CIUTAT-2 HOTEL-2
     

time spent:    0.00 seconds instantiating 26 easy, 0 hard action templates
               0.00 seconds reachability analysis, yielding 17 facts and 26 actions
               0.00 seconds creating final representation with 17 relevant facts, 15 relevant fluents
               0.00 seconds computing LNF
               0.00 seconds building connectivity graph
               0.00 seconds searching, evaluating 9 states, to a max depth of 0
               0.00 seconds total time

