
ff: parsing domain file
domain 'VIATGE' defined
 ... done.
ff: parsing problem file
problem 'INSTANCIA11' defined
 ... done.


metric established (normalized to minimize): ((1.00*[RF11](PRECIO-TOTAL)) - () + 0.00)

checking for cyclic := effects --- OK.

ff: search configuration is  best-first on 1*g(s) + 5*h(s) where
    metric is ((1.00*[RF11](PRECIO-TOTAL)) - () + 0.00)

advancing to distance:    5
                          4
                          3
                          2
                          0

ff: found legal plan as follows

step    0: CIUDAD-INICIO CIUTAT-8 HOTEL-8
        1: RESERVAR-VOL-HOTEL VOL-37 CIUTAT-8 CIUTAT-1 HOTEL-1
        2: RESERVAR-VOL-HOTEL VOL-3 CIUTAT-1 CIUTAT-7 HOTEL-7
        3: RESERVAR-VOL-HOTEL VOL-34 CIUTAT-7 CIUTAT-2 HOTEL-2
        4: RESERVAR-VOL-HOTEL VOL-7 CIUTAT-2 CIUTAT-3 HOTEL-3
     

time spent:    0.00 seconds instantiating 76 easy, 0 hard action templates
               0.00 seconds reachability analysis, yielding 35 facts and 76 actions
               0.00 seconds creating final representation with 35 relevant facts, 27 relevant fluents
               0.00 seconds computing LNF
               0.00 seconds building connectivity graph
               0.00 seconds searching, evaluating 32 states, to a max depth of 0
               0.00 seconds total time

