
ff: parsing domain file
domain 'VIATGE' defined
 ... done.
ff: parsing problem file
problem 'INSTANCIA9' defined
 ... done.


metric established (normalized to minimize): ((1.00*[RF9](PRECIO-TOTAL)) - () + 0.00)

checking for cyclic := effects --- OK.

ff: search configuration is  best-first on 1*g(s) + 5*h(s) where
    metric is ((1.00*[RF9](PRECIO-TOTAL)) - () + 0.00)

advancing to distance:    4
                          3
                          2
                          1
                          0

ff: found legal plan as follows

step    0: CIUDAD-INICIO CIUTAT-7 HOTEL-7
        1: RESERVAR-VOL-HOTEL VOL-29 CIUTAT-7 CIUTAT-8 HOTEL-8
        2: RESERVAR-VOL-HOTEL VOL-35 CIUTAT-8 CIUTAT-9 HOTEL-9
        3: RESERVAR-VOL-HOTEL VOL-36 CIUTAT-9 CIUTAT-2 HOTEL-2
     

time spent:    0.00 seconds instantiating 56 easy, 0 hard action templates
               0.00 seconds reachability analysis, yielding 29 facts and 56 actions
               0.00 seconds creating final representation with 29 relevant facts, 23 relevant fluents
               0.00 seconds computing LNF
               0.00 seconds building connectivity graph
               0.00 seconds searching, evaluating 24 states, to a max depth of 0
               0.00 seconds total time

