
ff: parsing domain file
domain 'VIATGE' defined
 ... done.
ff: parsing problem file
problem 'INSTANCIA12' defined
 ... done.


metric established (normalized to minimize): ((1.00*[RF12](PRECIO-TOTAL)) - () + 0.00)

checking for cyclic := effects --- OK.

ff: search configuration is  best-first on 1*g(s) + 5*h(s) where
    metric is ((1.00*[RF12](PRECIO-TOTAL)) - () + 0.00)

advancing to distance:    6
                          5
                          4
                          3
                          2
                          1
                          0

ff: found legal plan as follows

step    0: CIUDAD-INICIO CIUTAT-7 HOTEL-7
        1: RESERVAR-VOL-HOTEL VOL-27 CIUTAT-7 CIUTAT-11 HOTEL-11
        2: RESERVAR-VOL-HOTEL VOL-54 CIUTAT-11 CIUTAT-9 HOTEL-9
        3: RESERVAR-VOL-HOTEL VOL-39 CIUTAT-9 CIUTAT-5 HOTEL-5
        4: RESERVAR-VOL-HOTEL VOL-17 CIUTAT-5 CIUTAT-6 HOTEL-6
        5: RESERVAR-VOL-HOTEL VOL-21 CIUTAT-6 CIUTAT-1 HOTEL-1
     

time spent:    0.00 seconds instantiating 84 easy, 0 hard action templates
               0.00 seconds reachability analysis, yielding 38 facts and 84 actions
               0.00 seconds creating final representation with 38 relevant facts, 29 relevant fluents
               0.00 seconds computing LNF
               0.00 seconds building connectivity graph
               0.00 seconds searching, evaluating 38 states, to a max depth of 0
               0.00 seconds total time

