
ff: parsing domain file
domain 'VIATGE' defined
 ... done.
ff: parsing problem file
problem 'INSTANCIA3' defined
 ... done.


metric established (normalized to minimize): ((1.00*[RF3](PRECIO-TOTAL)) - () + 0.00)

checking for cyclic := effects --- OK.

ff: search configuration is  best-first on 1*g(s) + 5*h(s) where
    metric is ((1.00*[RF3](PRECIO-TOTAL)) - () + 0.00)

advancing to distance:    1
                          0

ff: found legal plan as follows

step    0: CIUDAD-INICIO CIUTAT-1 HOTEL-1
     

time spent:    0.00 seconds instantiating 12 easy, 0 hard action templates
               0.00 seconds reachability analysis, yielding 11 facts and 12 actions
               0.00 seconds creating final representation with 11 relevant facts, 11 relevant fluents
               0.00 seconds computing LNF
               0.00 seconds building connectivity graph
               0.00 seconds searching, evaluating 4 states, to a max depth of 0
               0.00 seconds total time

