
ff: parsing domain file
domain 'VIATGE' defined
 ... done.
ff: parsing problem file
problem 'INSTANCIA8' defined
 ... done.


metric established (normalized to minimize): ((1.00*[RF8](PRECIO-TOTAL)) - () + 0.00)

checking for cyclic := effects --- OK.

ff: search configuration is  best-first on 1*g(s) + 5*h(s) where
    metric is ((1.00*[RF8](PRECIO-TOTAL)) - () + 0.00)

advancing to distance:    4
                          3
                          2
                          0

ff: found legal plan as follows

step    0: CIUDAD-INICIO CIUTAT-1 HOTEL-1
        1: RESERVAR-VOL-HOTEL VOL-4 CIUTAT-1 CIUTAT-5 HOTEL-5
        2: RESERVAR-VOL-HOTEL VOL-20 CIUTAT-5 CIUTAT-2 HOTEL-2
        3: RESERVAR-VOL-HOTEL VOL-9 CIUTAT-2 CIUTAT-7 HOTEL-7
     

time spent:    0.00 seconds instantiating 50 easy, 0 hard action templates
               0.00 seconds reachability analysis, yielding 26 facts and 50 actions
               0.00 seconds creating final representation with 26 relevant facts, 21 relevant fluents
               0.00 seconds computing LNF
               0.00 seconds building connectivity graph
               0.00 seconds searching, evaluating 22 states, to a max depth of 0
               0.00 seconds total time

