
ff: parsing domain file
domain 'VIATGE' defined
 ... done.
ff: parsing problem file
problem 'INSTANCIA6' defined
 ... done.


metric established (normalized to minimize): ((1.00*[RF6](PRECIO-TOTAL)) - () + 0.00)

checking for cyclic := effects --- OK.

ff: search configuration is  best-first on 1*g(s) + 5*h(s) where
    metric is ((1.00*[RF6](PRECIO-TOTAL)) - () + 0.00)

advancing to distance:    3
                          2
                          0

ff: found legal plan as follows

step    0: CIUDAD-INICIO CIUTAT-6 HOTEL-6
        1: RESERVAR-VOL-HOTEL VOL-20 CIUTAT-6 CIUTAT-1 HOTEL-1
        2: RESERVAR-VOL-HOTEL VOL-1 CIUTAT-1 CIUTAT-2 HOTEL-2
     

time spent:    0.00 seconds instantiating 35 easy, 0 hard action templates
               0.00 seconds reachability analysis, yielding 20 facts and 35 actions
               0.00 seconds creating final representation with 20 relevant facts, 17 relevant fluents
               0.00 seconds computing LNF
               0.00 seconds building connectivity graph
               0.00 seconds searching, evaluating 16 states, to a max depth of 0
               0.00 seconds total time

