
ff: parsing domain file
domain 'VIATGE' defined
 ... done.
ff: parsing problem file
problem 'INSTANCIA10' defined
 ... done.


metric established (normalized to minimize): ((1.00*[RF10](PRECIO-TOTAL)) - () + 0.00)

checking for cyclic := effects --- OK.

ff: search configuration is  best-first on 1*g(s) + 5*h(s) where
    metric is ((1.00*[RF10](PRECIO-TOTAL)) - () + 0.00)

advancing to distance:    5
                          4
                          3
                          2
                          1
                          0

ff: found legal plan as follows

step    0: CIUDAD-INICIO CIUTAT-7 HOTEL-7
        1: MAS-DIAS CIUTAT-7
        2: MAS-DIAS CIUTAT-7
        3: MAS-DIAS CIUTAT-7
        4: MAS-DIAS CIUTAT-7
        5: RESERVAR-VOL-HOTEL VOL-30 CIUTAT-7 CIUTAT-3 HOTEL-3
        6: RESERVAR-VOL-HOTEL VOL-13 CIUTAT-3 CIUTAT-10 HOTEL-10
        7: RESERVAR-VOL-HOTEL VOL-44 CIUTAT-10 CIUTAT-2 HOTEL-2
        8: RESERVAR-VOL-HOTEL VOL-6 CIUTAT-2 CIUTAT-1 HOTEL-1
     

time spent:    0.00 seconds instantiating 68 easy, 0 hard action templates
               0.00 seconds reachability analysis, yielding 32 facts and 68 actions
               0.00 seconds creating final representation with 32 relevant facts, 25 relevant fluents
               0.00 seconds computing LNF
               0.00 seconds building connectivity graph
               0.00 seconds searching, evaluating 68 states, to a max depth of 0
               0.00 seconds total time

